#
# A fatal error has been detected by the Java Runtime Environment:
#
#  SIGSEGV (0xb) at pc=0x0000000111977381, pid=80737, tid=2059
#
# JRE version: Java(TM) SE Runtime Environment (8.0_25-b17) (build 1.8.0_25-b17)
# Java VM: Java HotSpot(TM) 64-Bit Server VM (25.25-b02 mixed mode bsd-amd64 compressed oops)
# Problematic frame:
# C  [libglass.dylib+0x16381]  GlassScreenDidChangeScreenParameters+0x21
#
# Failed to write core dump. Core dumps have been disabled. To enable core dumping, try "ulimit -c unlimited" before starting Java again
#
# If you would like to submit a bug report, please visit:
#   http://bugreport.sun.com/bugreport/crash.jsp
#

---------------  T H R E A D  ---------------

Current thread is native thread

siginfo: si_signo: 11 (SIGSEGV), si_code: 1 (SEGV_MAPERR), si_addr: 0x0000000000000000

Registers:
RAX=0x00000001119a9d48, RBX=0x0000000000000000, RCX=0x0000000000000103, RDX=0x0000000000012068
RSP=0x00007fff589df8c0, RBP=0x00007fff589df8d0, RSI=0x00007faeab404aa8, RDI=0x0000000000000000
R8 =0x0000000000000040, R9 =0x00007fffb8fb6040, R10=0xffffffffffffffff, R11=0x0000000000012068
R12=0x0000000000000000, R13=0x00007faeab5686e0, R14=0x00007faeab6a56e0, R15=0x0000000000000000
RIP=0x0000000111977381, EFLAGS=0x0000000000010246, ERR=0x0000000000000004
  TRAPNO=0x000000000000000e

Top of Stack: (sp=0x00007fff589df8c0)
0x00007fff589df8c0:   00007faeab568720 00007faeab6a56e0
0x00007fff589df8d0:   00007fff589df8e0 00007fff9b2c863c
0x00007fff589df8e0:   00007fff589df950 00007fff9b2c853b
0x00007fff589df8f0:   000000010723ba00 00007fffb8fb1060
0x00007fff589df900:   00000000c2000000 00007fff9b2c8590
0x00007fff589df910:   00007fffb59bc680 00007faeab5686e0
0x00007fff589df920:   00007faeab6a56e0 00007fff589e0118
0x00007fff589df930:   00007fffaf9f6b40 00007fff589dfa20
0x00007fff589df940:   00007faeab5686e0 00007fff99a7f9f2
0x00007fff589df950:   00007fff589df990 00007fff9b2c82a2
0x00007fff589df960:   00007fff589dff60 0000000000000000
0x00007fff589df970:   00007fffaf9f6b40 00007fff589dfa20
0x00007fff589df980:   00007fff589e0118 00007fff99a7f9f2
0x00007fff589df990:   00007fff589e00b0 00007fff9b2859a3
0x00007fff589df9a0:   00007fff589df9c0 00007fff9b247bd0
0x00007fff589df9b0:   00007faeab749d00 000000000000000d
0x00007fff589df9c0:   00007faeab705df0 00007fffb59bdcb0
0x00007fff589df9d0:   0000000000000000 00007faeab9c0048
0x00007fff589df9e0:   00007faeab705e01 00007faeab53fdc0
0x00007fff589df9f0:   00007fffb5aeff10 0000000000000000
0x00007fff589dfa00:   00007faeab568750 0000000000000000
0x00007fff589dfa10:   0000000000000000 00007fffb59fc860
0x00007fff589dfa20:   00007fff589dff60 0000000000000001
0x00007fff589dfa30:   0000000000000100 00007fffb59fdd00
0x00007fff589dfa40:   00007fff589dfe60 0000000000000000
0x00007fff589dfa50:   0000000000000100 00007fff9b280600
0x00007fff589dfa60:   000000000000000d 00007faeab749d00
0x00007fff589dfa70:   00007faeab749d00 00007fffb59fdde0
0x00007fff589dfa80:   00007faeab507c20 0000000000000001
0x00007fff589dfa90:   00007fff589e0120 00007fff9b280169
0x00007fff589dfaa0:   00007fffb5aefbd0 00007faeab5044d1
0x00007fff589dfab0:   0000000000000001 0000000000000000 

Instructions: (pc=0x0000000111977381)
0x0000000111977361:   48 89 e5 41 56 53 48 8d 05 d2 2a 03 00 48 83 38
0x0000000111977371:   00 48 89 fb 75 72 48 8d 05 ca 29 03 00 48 8b 30
0x0000000111977381:   48 8b 03 48 8d 15 7c 99 01 00 48 8d 0d 5e 6f 01
0x0000000111977391:   00 48 89 df ff 90 88 03 00 00 48 8d 0d 9e 2a 03 

Register to memory mapping:

RAX=0x00000001119a9d48: jScreenClass+0 in /Library/Java/JavaVirtualMachines/jdk1.8.0_25.jdk/Contents/Home/jre/lib/libglass.dylib at 0x0000000111961000
RBX=0x0000000000000000 is an unknown value
RCX=0x0000000000000103 is an unknown value
RDX=0x0000000000012068 is an unknown value
RSP=0x00007fff589df8c0 is an unknown value
RBP=0x00007fff589df8d0 is an unknown value
RSI=0x00007faeab404aa8 is a global jni handle
RDI=0x0000000000000000 is an unknown value
R8 =0x0000000000000040 is an unknown value
R9 =0x00007fffb8fb6040: __sFX+0x1c0 in /usr/lib/system/libsystem_c.dylib at 0x00007fffb0317000
R10=0xffffffffffffffff is an unknown value
R11=0x0000000000012068 is an unknown value
R12=0x0000000000000000 is an unknown value
R13=0x00007faeab5686e0 is an unknown value
R14=0x00007faeab6a56e0 is an unknown value
R15=0x0000000000000000 is an unknown value


Stack: [0x00007fff581e3000,0x00007fff589e3000],  sp=0x00007fff589df8c0,  free space=8178k
Native frames: (J=compiled Java code, j=interpreted, Vv=VM code, C=native code)
C  [libglass.dylib+0x16381]  GlassScreenDidChangeScreenParameters+0x21
C  [CoreFoundation+0x9d63c]  __CFNOTIFICATIONCENTER_IS_CALLING_OUT_TO_AN_OBSERVER__+0xc
C  [CoreFoundation+0x9d53b]  _CFXRegistrationPost+0x1ab
C  [CoreFoundation+0x9d2a2]  ___CFXNotificationPost_block_invoke+0x32
C  [CoreFoundation+0x5a9a3]  -[_CFXNotificationRegistrar find:object:observer:enumerator:]+0x723
C  [CoreFoundation+0x599dc]  _CFXNotificationPost+0x25c
C  [Foundation+0x70e3]  -[NSNotificationCenter postNotificationName:object:userInfo:]+0x42
C  [AppKit+0x3f0914]  -[NSApplication _reactToScreenInvalidationImmediately:]+0x18f
C  [AppKit+0x3f0751]  __44-[NSApplication _reactToScreenInvalidation:]_block_invoke+0x3b
C  [CoreFoundation+0xa73ac]  __CFRUNLOOP_IS_CALLING_OUT_TO_A_BLOCK__+0xc
C  [CoreFoundation+0x88424]  __CFRunLoopDoBlocks+0x164
C  [CoreFoundation+0x87f66]  __CFRunLoopRun+0x756
C  [CoreFoundation+0x875b4]  CFRunLoopRunSpecific+0x1a4
C  [java+0x56cc]  CreateExecutionEnvironment+0x367
C  [java+0x165c]  JLI_Launch+0x7a0
C  [java+0x768a]  main+0x65
C  [java+0xeb4]  start+0x34


---------------  P R O C E S S  ---------------

VM state:at safepoint (normal execution)

VM Mutex/Monitor currently owned by a thread:  ([mutex/lock_event])
[0x00007faeab401d80] Threads_lock - owner thread: 0x00007faeab823800
[0x00007faeab402280] Heap_lock - owner thread: 0x00007faeac007800

Heap:
 PSYoungGen      total 38400K, used 31203K [0x0000000795580000, 0x0000000798000000, 0x00000007c0000000)
  eden space 33280K, 78% used [0x0000000795580000,0x0000000796eff4e0,0x0000000797600000)
  from space 5120K, 99% used [0x0000000797600000,0x0000000797af9ad0,0x0000000797b00000)
  to   space 5120K, 0% used [0x0000000797b00000,0x0000000797b00000,0x0000000798000000)
 ParOldGen       total 87552K, used 548K [0x0000000740000000, 0x0000000745580000, 0x0000000795580000)
  object space 87552K, 0% used [0x0000000740000000,0x0000000740089378,0x0000000745580000)
 Metaspace       used 20048K, capacity 20910K, committed 21120K, reserved 1067008K
  class space    used 2695K, capacity 2843K, committed 2944K, reserved 1048576K

Card table byte_map: [0x0000000108edc000,0x00000001092dd000] byte_map_base: 0x00000001054dc000

Marking Bits: (ParMarkBitMap*) 0x000000010849d390
 Begin Bits: [0x0000000109588000, 0x000000010b588000)
 End Bits:   [0x000000010b588000, 0x000000010d588000)

Polling page: 0x000000010730f000

CodeCache: size=245760Kb used=8681Kb max_used=8694Kb free=237078Kb
 bounds [0x0000000115466000, 0x0000000115cf6000, 0x0000000124466000]
 total_blobs=3612 nmethods=2933 adapters=592
 compilation: enabled

Compilation events (10 events):
Event: 231.291 Thread 0x00007faeac03c000 nmethod 2942 0x0000000115cde210 code [0x0000000115cde380, 0x0000000115cde578]
Event: 249.508 Thread 0x00007faead017000 2943       4       com.sun.glass.ui.TouchInputSupport::notifyEndTouchEvent (64 bytes)
Event: 249.509 Thread 0x00007faead017000 nmethod 2943 0x0000000115cdf150 code [0x0000000115cdf2a0, 0x0000000115cdf398]
Event: 250.207 Thread 0x00007faeac03c000 2945   !   4       com.sun.glass.ui.mac.MacTouchInputSupport::notifyEndTouchEvent (120 bytes)
Event: 250.207 Thread 0x00007faead017000 2944       4       com.sun.glass.ui.mac.MacGestureSupport::notifyEndTouchEvent (8 bytes)
Event: 250.228 Thread 0x00007faead017000 nmethod 2944 0x0000000115ce7090 code [0x0000000115ce72c0, 0x0000000115ce7ed0]
Event: 250.228 Thread 0x00007faeac03c000 nmethod 2945 0x0000000115ce8d90 code [0x0000000115ce8fa0, 0x0000000115ce9ab0]
Event: 310.587 Thread 0x00007faeac848000 2946       3       java.lang.invoke.MethodHandles::access$000 (4 bytes)
Event: 310.588 Thread 0x00007faeac848000 nmethod 2946 0x0000000115cd9650 code [0x0000000115cd97a0, 0x0000000115cd98d0]
Event: 310.720 Thread 0x00007faeac848000 2947       3       java.util.Hashtable$Enumerator::hasMoreElements (53 bytes)

GC Heap History (2 events):
Event: 5.226 GC heap before
{Heap before GC invocations=1 (full 0):
 PSYoungGen      total 38400K, used 33280K [0x0000000795580000, 0x0000000798000000, 0x00000007c0000000)
  eden space 33280K, 100% used [0x0000000795580000,0x0000000797600000,0x0000000797600000)
  from space 5120K, 0% used [0x0000000797b00000,0x0000000797b00000,0x0000000798000000)
  to   space 5120K, 0% used [0x0000000797600000,0x0000000797600000,0x0000000797b00000)
 ParOldGen       total 87552K, used 0K [0x0000000740000000, 0x0000000745580000, 0x0000000795580000)
  object space 87552K, 0% used [0x0000000740000000,0x0000000740000000,0x0000000745580000)
 Metaspace       used 14030K, capacity 14752K, committed 14848K, reserved 1062912K
  class space    used 2114K, capacity 2288K, committed 2304K, reserved 1048576K
Event: 5.244 GC heap after
Heap after GC invocations=1 (full 0):
 PSYoungGen      total 38400K, used 5094K [0x0000000795580000, 0x0000000798000000, 0x00000007c0000000)
  eden space 33280K, 0% used [0x0000000795580000,0x0000000795580000,0x0000000797600000)
  from space 5120K, 99% used [0x0000000797600000,0x0000000797af9ad0,0x0000000797b00000)
  to   space 5120K, 0% used [0x0000000797b00000,0x0000000797b00000,0x0000000798000000)
 ParOldGen       total 87552K, used 548K [0x0000000740000000, 0x0000000745580000, 0x0000000795580000)
  object space 87552K, 0% used [0x0000000740000000,0x0000000740089378,0x0000000745580000)
 Metaspace       used 14030K, capacity 14752K, committed 14848K, reserved 1062912K
  class space    used 2114K, capacity 2288K, committed 2304K, reserved 1048576K
}

Deoptimization events (10 events):
Event: 22.674 Thread 0x00007faeab9c1000 Uncommon trap: reason=bimorphic action=maybe_recompile pc=0x000000011574bd3c method=java.util.HashMap.putVal(ILjava/lang/Object;Ljava/lang/Object;ZZ)Ljava/lang/Object; @ 203
Event: 22.825 Thread 0x00007faeab9c1000 Uncommon trap: reason=class_check action=maybe_recompile pc=0x0000000115b258f4 method=java.util.HashMap.putVal(ILjava/lang/Object;Ljava/lang/Object;ZZ)Ljava/lang/Object; @ 253
Event: 22.825 Thread 0x00007faeab9c1000 Uncommon trap: reason=class_check action=maybe_recompile pc=0x0000000115b258f4 method=java.util.HashMap.putVal(ILjava/lang/Object;Ljava/lang/Object;ZZ)Ljava/lang/Object; @ 253
Event: 22.825 Thread 0x00007faeab9c1000 Uncommon trap: reason=class_check action=maybe_recompile pc=0x0000000115b258f4 method=java.util.HashMap.putVal(ILjava/lang/Object;Ljava/lang/Object;ZZ)Ljava/lang/Object; @ 253
Event: 22.825 Thread 0x00007faeab9c1000 Uncommon trap: reason=class_check action=maybe_recompile pc=0x0000000115b258f4 method=java.util.HashMap.putVal(ILjava/lang/Object;Ljava/lang/Object;ZZ)Ljava/lang/Object; @ 253
Event: 22.835 Thread 0x00007faeab9c1000 Uncommon trap: reason=class_check action=maybe_recompile pc=0x0000000115768894 method=java.io.DataInputStream.readChar()C @ 4
Event: 22.835 Thread 0x00007faeab9c1000 Uncommon trap: reason=class_check action=maybe_recompile pc=0x0000000115768894 method=java.io.DataInputStream.readChar()C @ 4
Event: 22.835 Thread 0x00007faeab9c1000 Uncommon trap: reason=class_check action=maybe_recompile pc=0x0000000115768894 method=java.io.DataInputStream.readChar()C @ 4
Event: 22.835 Thread 0x00007faeab9c1000 Uncommon trap: reason=class_check action=maybe_recompile pc=0x0000000115768894 method=java.io.DataInputStream.readChar()C @ 4
Event: 29.474 Thread 0x00007faeab9c1000 Uncommon trap: reason=null_check action=make_not_entrant pc=0x0000000115aa620c method=javafx.scene.Node$MiscProperties.getClip()Ljavafx/scene/Node; @ 20

Internal exceptions (10 events):
Event: 22.421 Thread 0x00007faeab9c1000 Exception <a 'java/security/PrivilegedActionException'> (0x0000000795bee3f0) thrown at [/HUDSON3/workspace/8-2-build-macosx-x86_64/jdk8u25/1514/hotspot/src/share/vm/prims/jvm.cpp, line 1312]
Event: 22.519 Thread 0x00007faeab9c1000 Implicit null exception at 0x00000001156991f3 to 0x0000000115699581
Event: 29.474 Thread 0x00007faeab9c1000 Implicit null exception at 0x0000000115aa5ceb to 0x0000000115aa6201
Event: 117.055 Thread 0x00007faeab9c1000 Exception <a 'java/security/PrivilegedActionException'> (0x000000079698a9f0) thrown at [/HUDSON3/workspace/8-2-build-macosx-x86_64/jdk8u25/1514/hotspot/src/share/vm/prims/jvm.cpp, line 1312]
Event: 117.055 Thread 0x00007faeab9c1000 Exception <a 'java/security/PrivilegedActionException'> (0x000000079698b440) thrown at [/HUDSON3/workspace/8-2-build-macosx-x86_64/jdk8u25/1514/hotspot/src/share/vm/prims/jvm.cpp, line 1312]
Event: 117.055 Thread 0x00007faeab9c1000 Exception <a 'java/security/PrivilegedActionException'> (0x000000079698d430) thrown at [/HUDSON3/workspace/8-2-build-macosx-x86_64/jdk8u25/1514/hotspot/src/share/vm/prims/jvm.cpp, line 1312]
Event: 117.055 Thread 0x00007faeab9c1000 Exception <a 'java/security/PrivilegedActionException'> (0x000000079698ded0) thrown at [/HUDSON3/workspace/8-2-build-macosx-x86_64/jdk8u25/1514/hotspot/src/share/vm/prims/jvm.cpp, line 1312]
Event: 122.271 Thread 0x00007faeab9c1000 Exception <a 'java/io/FileNotFoundException'> (0x0000000796a6a5f0) thrown at [/HUDSON3/workspace/8-2-build-macosx-x86_64/jdk8u25/1514/hotspot/src/share/vm/prims/jni.cpp, line 716]
Event: 122.273 Thread 0x00007faeab9c1000 Exception <a 'java/io/FileNotFoundException'> (0x0000000796a75810) thrown at [/HUDSON3/workspace/8-2-build-macosx-x86_64/jdk8u25/1514/hotspot/src/share/vm/prims/jni.cpp, line 716]
Event: 122.285 Thread 0x00007faeab9c1000 Exception <a 'java/net/UnknownHostException'> (0x0000000796a7fbb8) thrown at [/HUDSON3/workspace/8-2-build-macosx-x86_64/jdk8u25/1514/hotspot/src/share/vm/prims/jni.cpp, line 742]

Events (10 events):
Event: 310.719 Executing VM operation: RevokeBias
Event: 310.719 Executing VM operation: RevokeBias done
Event: 310.719 Executing VM operation: RevokeBias
Event: 310.719 Executing VM operation: RevokeBias done
Event: 310.719 Executing VM operation: RevokeBias
Event: 310.719 Executing VM operation: RevokeBias done
Event: 310.719 Executing VM operation: RevokeBias
Event: 310.719 Executing VM operation: RevokeBias done
Event: 310.720 Thread 0x00007faead080000 Thread exited: 0x00007faead080000
Event: 310.720 Thread 0x00007faeac007800 Thread exited: 0x00007faeac007800


Dynamic libraries:
0x00000000260b5000 	/System/Library/Frameworks/Cocoa.framework/Versions/A/Cocoa
0x00000000260b5000 	/System/Library/Frameworks/Security.framework/Versions/A/Security
0x00000000260b5000 	/System/Library/Frameworks/ApplicationServices.framework/Versions/A/ApplicationServices
0x00000000260b5000 	/usr/lib/libz.1.dylib
0x00000000260b5000 	/usr/lib/libSystem.B.dylib
0x00000000260b5000 	/usr/lib/libobjc.A.dylib
0x00000000260b5000 	/System/Library/Frameworks/CoreFoundation.framework/Versions/A/CoreFoundation
0x00000000260b5000 	/System/Library/Frameworks/Foundation.framework/Versions/C/Foundation
0x00000000260b5000 	/System/Library/Frameworks/AppKit.framework/Versions/C/AppKit
0x00000000260b5000 	/System/Library/Frameworks/CoreData.framework/Versions/A/CoreData
0x00000000260b5000 	/System/Library/PrivateFrameworks/RemoteViewServices.framework/Versions/A/RemoteViewServices
0x00000000260b5000 	/System/Library/PrivateFrameworks/UIFoundation.framework/Versions/A/UIFoundation
0x00000000260b5000 	/usr/lib/libenergytrace.dylib
0x00000000260b5000 	/System/Library/PrivateFrameworks/SkyLight.framework/Versions/A/SkyLight
0x00000000260b5000 	/System/Library/Frameworks/CoreGraphics.framework/Versions/A/CoreGraphics
0x00000000260b5000 	/usr/lib/libScreenReader.dylib
0x00000000260b5000 	/System/Library/Frameworks/Accelerate.framework/Versions/A/Accelerate
0x00000000260b5000 	/System/Library/Frameworks/IOSurface.framework/Versions/A/IOSurface
0x00000000260b5000 	/System/Library/Frameworks/AudioToolbox.framework/Versions/A/AudioToolbox
0x00000000260b5000 	/System/Library/Frameworks/AudioUnit.framework/Versions/A/AudioUnit
0x00000000260b5000 	/System/Library/PrivateFrameworks/DataDetectorsCore.framework/Versions/A/DataDetectorsCore
0x00000000260b5000 	/System/Library/PrivateFrameworks/DesktopServicesPriv.framework/Versions/A/DesktopServicesPriv
0x00000000260b5000 	/System/Library/Frameworks/Carbon.framework/Versions/A/Frameworks/HIToolbox.framework/Versions/A/HIToolbox
0x00000000260b5000 	/usr/lib/libicucore.A.dylib
0x00000000260b5000 	/System/Library/Frameworks/QuartzCore.framework/Versions/A/QuartzCore
0x00000000260b5000 	/System/Library/Frameworks/Carbon.framework/Versions/A/Frameworks/SpeechRecognition.framework/Versions/A/SpeechRecognition
0x00000000260b5000 	/usr/lib/libauto.dylib
0x00000000260b5000 	/usr/lib/libxml2.2.dylib
0x00000000260b5000 	/System/Library/PrivateFrameworks/CoreUI.framework/Versions/A/CoreUI
0x00000000260b5000 	/System/Library/Frameworks/CoreAudio.framework/Versions/A/CoreAudio
0x00000000260b5000 	/System/Library/Frameworks/DiskArbitration.framework/Versions/A/DiskArbitration
0x00000000260b5000 	/usr/lib/liblangid.dylib
0x00000000260b5000 	/System/Library/PrivateFrameworks/MultitouchSupport.framework/Versions/A/MultitouchSupport
0x00000000260b5000 	/System/Library/Frameworks/IOKit.framework/Versions/A/IOKit
0x00000000260b5000 	/usr/lib/libDiagnosticMessagesClient.dylib
0x00000000260b5000 	/System/Library/Frameworks/CoreServices.framework/Versions/A/CoreServices
0x00000000260b5000 	/System/Library/PrivateFrameworks/PerformanceAnalysis.framework/Versions/A/PerformanceAnalysis
0x00000000260b5000 	/System/Library/PrivateFrameworks/GenerationalStorage.framework/Versions/A/GenerationalStorage
0x00000000260b5000 	/System/Library/Frameworks/OpenGL.framework/Versions/A/OpenGL
0x00000000260b5000 	/System/Library/Frameworks/CoreImage.framework/Versions/A/CoreImage
0x00000000260b5000 	/System/Library/Frameworks/CoreText.framework/Versions/A/CoreText
0x00000000260b5000 	/System/Library/Frameworks/ImageIO.framework/Versions/A/ImageIO
0x00000000260b5000 	/System/Library/PrivateFrameworks/Backup.framework/Versions/A/Backup
0x00000000260b5000 	/usr/lib/libarchive.2.dylib
0x00000000260b5000 	/System/Library/Frameworks/CFNetwork.framework/Versions/A/CFNetwork
0x00000000260b5000 	/System/Library/Frameworks/SystemConfiguration.framework/Versions/A/SystemConfiguration
0x00000000260b5000 	/usr/lib/libCRFSuite.dylib
0x00000000260b5000 	/usr/lib/libc++.1.dylib
0x00000000260b5000 	/usr/lib/libc++abi.dylib
0x00000000260b5000 	/usr/lib/system/libcache.dylib
0x00000000260b5000 	/usr/lib/system/libcommonCrypto.dylib
0x00000000260b5000 	/usr/lib/system/libcompiler_rt.dylib
0x00000000260b5000 	/usr/lib/system/libcopyfile.dylib
0x00000000260b5000 	/usr/lib/system/libcorecrypto.dylib
0x00000000260b5000 	/usr/lib/system/libdispatch.dylib
0x00000000260b5000 	/usr/lib/system/libdyld.dylib
0x00000000260b5000 	/usr/lib/system/libkeymgr.dylib
0x00000000260b5000 	/usr/lib/system/liblaunch.dylib
0x00000000260b5000 	/usr/lib/system/libmacho.dylib
0x00000000260b5000 	/usr/lib/system/libquarantine.dylib
0x00000000260b5000 	/usr/lib/system/libremovefile.dylib
0x00000000260b5000 	/usr/lib/system/libsystem_asl.dylib
0x00000000260b5000 	/usr/lib/system/libsystem_blocks.dylib
0x00000000260b5000 	/usr/lib/system/libsystem_c.dylib
0x00000000260b5000 	/usr/lib/system/libsystem_configuration.dylib
0x00000000260b5000 	/usr/lib/system/libsystem_coreservices.dylib
0x00000000260b5000 	/usr/lib/system/libsystem_coretls.dylib
0x00000000260b5000 	/usr/lib/system/libsystem_dnssd.dylib
0x00000000260b5000 	/usr/lib/system/libsystem_info.dylib
0x00000000260b5000 	/usr/lib/system/libsystem_kernel.dylib
0x00000000260b5000 	/usr/lib/system/libsystem_m.dylib
0x00000000260b5000 	/usr/lib/system/libsystem_malloc.dylib
0x00000000260b5000 	/usr/lib/system/libsystem_network.dylib
0x00000000260b5000 	/usr/lib/system/libsystem_networkextension.dylib
0x00000000260b5000 	/usr/lib/system/libsystem_notify.dylib
0x00000000260b5000 	/usr/lib/system/libsystem_platform.dylib
0x00000000260b5000 	/usr/lib/system/libsystem_pthread.dylib
0x00000000260b5000 	/usr/lib/system/libsystem_sandbox.dylib
0x00000000260b5000 	/usr/lib/system/libsystem_secinit.dylib
0x00000000260b5000 	/usr/lib/system/libsystem_symptoms.dylib
0x00000000260b5000 	/usr/lib/system/libsystem_trace.dylib
0x00000000260b5000 	/usr/lib/system/libunwind.dylib
0x00000000260b5000 	/usr/lib/system/libxpc.dylib
0x00000000260b5000 	/usr/lib/libbsm.0.dylib
0x00000000260b5000 	/usr/lib/system/libkxld.dylib
0x00000000260b5000 	/usr/lib/libcoretls.dylib
0x00000000260b5000 	/usr/lib/libcoretls_cfhelpers.dylib
0x00000000260b5000 	/usr/lib/libxar.1.dylib
0x00000000260b5000 	/usr/lib/libsqlite3.dylib
0x00000000260b5000 	/usr/lib/libpam.2.dylib
0x00000000260b5000 	/usr/lib/libOpenScriptingUtil.dylib
0x00000000260b5000 	/usr/lib/libbz2.1.0.dylib
0x00000000260b5000 	/usr/lib/liblzma.5.dylib
0x00000000260b5000 	/usr/lib/libnetwork.dylib
0x00000000260b5000 	/usr/lib/libpcap.A.dylib
0x00000000260b5000 	/System/Library/Frameworks/CoreServices.framework/Versions/A/Frameworks/FSEvents.framework/Versions/A/FSEvents
0x00000000260b5000 	/System/Library/Frameworks/CoreServices.framework/Versions/A/Frameworks/CarbonCore.framework/Versions/A/CarbonCore
0x00000000260b5000 	/System/Library/Frameworks/CoreServices.framework/Versions/A/Frameworks/Metadata.framework/Versions/A/Metadata
0x00000000260b5000 	/System/Library/Frameworks/CoreServices.framework/Versions/A/Frameworks/OSServices.framework/Versions/A/OSServices
0x00000000260b5000 	/System/Library/Frameworks/CoreServices.framework/Versions/A/Frameworks/SearchKit.framework/Versions/A/SearchKit
0x00000000260b5000 	/System/Library/Frameworks/CoreServices.framework/Versions/A/Frameworks/AE.framework/Versions/A/AE
0x00000000260b5000 	/System/Library/Frameworks/CoreServices.framework/Versions/A/Frameworks/LaunchServices.framework/Versions/A/LaunchServices
0x00000000260b5000 	/System/Library/Frameworks/CoreServices.framework/Versions/A/Frameworks/DictionaryServices.framework/Versions/A/DictionaryServices
0x00000000260b5000 	/System/Library/Frameworks/CoreServices.framework/Versions/A/Frameworks/SharedFileList.framework/Versions/A/SharedFileList
0x00000000260b5000 	/System/Library/Frameworks/NetFS.framework/Versions/A/NetFS
0x00000000260b5000 	/System/Library/PrivateFrameworks/NetAuth.framework/Versions/A/NetAuth
0x00000000260b5000 	/System/Library/PrivateFrameworks/login.framework/Versions/A/Frameworks/loginsupport.framework/Versions/A/loginsupport
0x00000000260b5000 	/System/Library/PrivateFrameworks/TCC.framework/Versions/A/TCC
0x00000000260b5000 	/usr/lib/libmecabra.dylib
0x00000000260b5000 	/System/Library/Frameworks/ApplicationServices.framework/Versions/A/Frameworks/ATS.framework/Versions/A/ATS
0x00000000260b5000 	/System/Library/Frameworks/ApplicationServices.framework/Versions/A/Frameworks/ColorSync.framework/Versions/A/ColorSync
0x00000000260b5000 	/System/Library/Frameworks/ApplicationServices.framework/Versions/A/Frameworks/HIServices.framework/Versions/A/HIServices
0x00000000260b5000 	/System/Library/Frameworks/ApplicationServices.framework/Versions/A/Frameworks/LangAnalysis.framework/Versions/A/LangAnalysis
0x00000000260b5000 	/System/Library/Frameworks/ApplicationServices.framework/Versions/A/Frameworks/PrintCore.framework/Versions/A/PrintCore
0x00000000260b5000 	/System/Library/Frameworks/ApplicationServices.framework/Versions/A/Frameworks/QD.framework/Versions/A/QD
0x00000000260b5000 	/System/Library/Frameworks/ApplicationServices.framework/Versions/A/Frameworks/SpeechSynthesis.framework/Versions/A/SpeechSynthesis
0x00000000260b5000 	/System/Library/Frameworks/Accelerate.framework/Versions/A/Frameworks/vImage.framework/Versions/A/vImage
0x00000000260b5000 	/System/Library/Frameworks/Accelerate.framework/Versions/A/Frameworks/vecLib.framework/Versions/A/vecLib
0x00000000260b5000 	/System/Library/Frameworks/Accelerate.framework/Versions/A/Frameworks/vecLib.framework/Versions/A/libvDSP.dylib
0x00000000260b5000 	/System/Library/Frameworks/Accelerate.framework/Versions/A/Frameworks/vecLib.framework/Versions/A/libBNNS.dylib
0x00000000260b5000 	/System/Library/Frameworks/Accelerate.framework/Versions/A/Frameworks/vecLib.framework/Versions/A/libQuadrature.dylib
0x00000000260b5000 	/System/Library/Frameworks/Accelerate.framework/Versions/A/Frameworks/vecLib.framework/Versions/A/libvMisc.dylib
0x00000000260b5000 	/System/Library/Frameworks/Accelerate.framework/Versions/A/Frameworks/vecLib.framework/Versions/A/libLAPACK.dylib
0x00000000260b5000 	/System/Library/Frameworks/Accelerate.framework/Versions/A/Frameworks/vecLib.framework/Versions/A/libBLAS.dylib
0x00000000260b5000 	/System/Library/Frameworks/Accelerate.framework/Versions/A/Frameworks/vecLib.framework/Versions/A/libLinearAlgebra.dylib
0x00000000260b5000 	/System/Library/Frameworks/Accelerate.framework/Versions/A/Frameworks/vecLib.framework/Versions/A/libSparseBLAS.dylib
0x00000000260b5000 	/System/Library/Frameworks/ApplicationServices.framework/Versions/A/Frameworks/ATS.framework/Versions/A/Resources/libFontParser.dylib
0x00000000260b5000 	/System/Library/Frameworks/ApplicationServices.framework/Versions/A/Frameworks/ATS.framework/Versions/A/Resources/libFontRegistry.dylib
0x00000000260b5000 	/System/Library/Frameworks/ImageIO.framework/Versions/A/Resources/libJPEG.dylib
0x00000000260b5000 	/System/Library/Frameworks/ImageIO.framework/Versions/A/Resources/libTIFF.dylib
0x00000000260b5000 	/System/Library/Frameworks/ImageIO.framework/Versions/A/Resources/libPng.dylib
0x00000000260b5000 	/System/Library/Frameworks/ImageIO.framework/Versions/A/Resources/libGIF.dylib
0x00000000260b5000 	/System/Library/Frameworks/ImageIO.framework/Versions/A/Resources/libJP2.dylib
0x00000000260b5000 	/System/Library/Frameworks/ImageIO.framework/Versions/A/Resources/libRadiance.dylib
0x00000000260b5000 	/usr/lib/libcompression.dylib
0x00000000260b5000 	/System/Library/PrivateFrameworks/AppleJPEG.framework/Versions/A/AppleJPEG
0x00000000260b5000 	/usr/lib/libcups.2.dylib
0x00000000260b5000 	/System/Library/Frameworks/Kerberos.framework/Versions/A/Kerberos
0x00000000260b5000 	/System/Library/Frameworks/GSS.framework/Versions/A/GSS
0x00000000260b5000 	/usr/lib/libresolv.9.dylib
0x00000000260b5000 	/usr/lib/libiconv.2.dylib
0x00000000260b5000 	/System/Library/PrivateFrameworks/Heimdal.framework/Versions/A/Heimdal
0x00000000260b5000 	/usr/lib/libheimdal-asn1.dylib
0x00000000260b5000 	/System/Library/Frameworks/OpenDirectory.framework/Versions/A/OpenDirectory
0x00000000260b5000 	/System/Library/PrivateFrameworks/CommonAuth.framework/Versions/A/CommonAuth
0x00000000260b5000 	/System/Library/Frameworks/OpenDirectory.framework/Versions/A/Frameworks/CFOpenDirectory.framework/Versions/A/CFOpenDirectory
0x00000000260b5000 	/System/Library/Frameworks/SecurityFoundation.framework/Versions/A/SecurityFoundation
0x00000000260b5000 	/System/Library/PrivateFrameworks/LanguageModeling.framework/Versions/A/LanguageModeling
0x00000000260b5000 	/usr/lib/libmarisa.dylib
0x00000000260b5000 	/usr/lib/libChineseTokenizer.dylib
0x00000000260b5000 	/usr/lib/libcmph.dylib
0x00000000260b5000 	/System/Library/PrivateFrameworks/CoreEmoji.framework/Versions/A/CoreEmoji
0x00000000260b5000 	/System/Library/Frameworks/ServiceManagement.framework/Versions/A/ServiceManagement
0x00000000260b5000 	/usr/lib/libxslt.1.dylib
0x00000000260b5000 	/System/Library/Frameworks/Carbon.framework/Versions/A/Frameworks/Ink.framework/Versions/A/Ink
0x00000000260b5000 	/System/Library/PrivateFrameworks/TextureIO.framework/Versions/A/TextureIO
0x00000000260b5000 	/System/Library/Frameworks/Metal.framework/Versions/A/Metal
0x00000000260b5000 	/usr/lib/libate.dylib
0x00000000260b5000 	/System/Library/PrivateFrameworks/GPUCompiler.framework/libmetal_timestamp.dylib
0x00000000260b5000 	/System/Library/Frameworks/OpenGL.framework/Versions/A/Libraries/libCoreFSCache.dylib
0x00000000260b5000 	/System/Library/PrivateFrameworks/IOAccelerator.framework/Versions/A/IOAccelerator
0x00000000260b5000 	/System/Library/Frameworks/CoreVideo.framework/Versions/A/CoreVideo
0x00000000260b5000 	/usr/lib/libFosl_dynamic.dylib
0x00000000260b5000 	/System/Library/PrivateFrameworks/MetalPerformanceShaders.framework/Versions/A/MetalPerformanceShaders
0x00000000260b5000 	/System/Library/PrivateFrameworks/FaceCore.framework/Versions/A/FaceCore
0x00000000260b5000 	/System/Library/Frameworks/OpenCL.framework/Versions/A/OpenCL
0x00000000260b5000 	/System/Library/Frameworks/OpenGL.framework/Versions/A/Libraries/libGLU.dylib
0x00000000260b5000 	/System/Library/Frameworks/OpenGL.framework/Versions/A/Libraries/libGFXShared.dylib
0x00000000260b5000 	/System/Library/Frameworks/OpenGL.framework/Versions/A/Libraries/libGL.dylib
0x00000000260b5000 	/System/Library/Frameworks/OpenGL.framework/Versions/A/Libraries/libGLImage.dylib
0x00000000260b5000 	/System/Library/Frameworks/OpenGL.framework/Versions/A/Libraries/libCVMSPluginSupport.dylib
0x00000000260b5000 	/System/Library/Frameworks/OpenGL.framework/Versions/A/Libraries/libCoreVMClient.dylib
0x00000000260b5000 	/System/Library/PrivateFrameworks/CrashReporterSupport.framework/Versions/A/CrashReporterSupport
0x00000000260b5000 	/System/Library/PrivateFrameworks/Sharing.framework/Versions/A/Sharing
0x00000000260b5000 	/System/Library/PrivateFrameworks/IconServices.framework/Versions/A/IconServices
0x00000000260b5000 	/System/Library/PrivateFrameworks/ProtocolBuffer.framework/Versions/A/ProtocolBuffer
0x00000000260b5000 	/System/Library/PrivateFrameworks/Apple80211.framework/Versions/A/Apple80211
0x00000000260b5000 	/System/Library/Frameworks/CoreWLAN.framework/Versions/A/CoreWLAN
0x00000000260b5000 	/System/Library/PrivateFrameworks/CoreUtils.framework/Versions/A/CoreUtils
0x00000000260b5000 	/System/Library/Frameworks/IOBluetooth.framework/Versions/A/IOBluetooth
0x00000000260b5000 	/System/Library/PrivateFrameworks/CoreWiFi.framework/Versions/A/CoreWiFi
0x00000000260b5000 	/System/Library/Frameworks/CoreBluetooth.framework/Versions/A/CoreBluetooth
0x00000000260b5000 	/System/Library/Frameworks/CoreDisplay.framework/Versions/A/CoreDisplay
0x00000000260b5000 	/System/Library/PrivateFrameworks/IOPresentment.framework/Versions/A/IOPresentment
0x00000000260b5000 	/System/Library/PrivateFrameworks/DebugSymbols.framework/Versions/A/DebugSymbols
0x00000000260b5000 	/System/Library/PrivateFrameworks/CoreSymbolication.framework/Versions/A/CoreSymbolication
0x00000000260b5000 	/System/Library/PrivateFrameworks/Symbolication.framework/Versions/A/Symbolication
0x00000000260b5000 	/System/Library/PrivateFrameworks/AppleFSCompression.framework/Versions/A/AppleFSCompression
0x00000000260b5000 	/System/Library/PrivateFrameworks/SpeechRecognitionCore.framework/Versions/A/SpeechRecognitionCore
0x00000000260b5000 	/System/Library/PrivateFrameworks/ChunkingLibrary.framework/Versions/A/ChunkingLibrary
0x0000000107c00000 	/Library/Java/JavaVirtualMachines/jdk1.8.0_25.jdk/Contents/Home/jre/lib/server/libjvm.dylib
0x00000000260b5000 	/usr/lib/libstdc++.6.dylib
0x00000001072cd000 	/Library/Java/JavaVirtualMachines/jdk1.8.0_25.jdk/Contents/Home/jre/lib/libverify.dylib
0x00000001072db000 	/Library/Java/JavaVirtualMachines/jdk1.8.0_25.jdk/Contents/Home/jre/lib/libjava.dylib
0x0000000107319000 	/Library/Java/JavaVirtualMachines/jdk1.8.0_25.jdk/Contents/Home/jre/lib/libzip.dylib
0x000000010f37f000 	/System/Library/Frameworks/JavaVM.framework/Frameworks/JavaRuntimeSupport.framework/JavaRuntimeSupport
0x000000010f399000 	/System/Library/Frameworks/JavaVM.framework/Versions/A/Frameworks/JavaNativeFoundation.framework/Versions/A/JavaNativeFoundation
0x000000010f3ae000 	/System/Library/Frameworks/JavaVM.framework/Versions/A/JavaVM
0x00000000260b5000 	/System/Library/Frameworks/Carbon.framework/Versions/A/Carbon
0x000000010f3bb000 	/System/Library/PrivateFrameworks/JavaLaunching.framework/Versions/A/JavaLaunching
0x00000000260b5000 	/System/Library/Frameworks/Carbon.framework/Versions/A/Frameworks/CommonPanels.framework/Versions/A/CommonPanels
0x00000000260b5000 	/System/Library/Frameworks/Carbon.framework/Versions/A/Frameworks/Help.framework/Versions/A/Help
0x00000000260b5000 	/System/Library/Frameworks/Carbon.framework/Versions/A/Frameworks/ImageCapture.framework/Versions/A/ImageCapture
0x00000000260b5000 	/System/Library/Frameworks/Carbon.framework/Versions/A/Frameworks/OpenScripting.framework/Versions/A/OpenScripting
0x00000000260b5000 	/System/Library/Frameworks/Carbon.framework/Versions/A/Frameworks/Print.framework/Versions/A/Print
0x00000000260b5000 	/System/Library/Frameworks/Carbon.framework/Versions/A/Frameworks/SecurityHI.framework/Versions/A/SecurityHI
0x0000000110d4a000 	/Library/Java/JavaVirtualMachines/jdk1.8.0_25.jdk/Contents/Home/jre/lib/libprism_es2.dylib
0x00000000260b5000 	/System/Library/Frameworks/OpenGL.framework/Versions/A/Resources/GLEngine.bundle/GLEngine
0x00000000260b5000 	/System/Library/Frameworks/OpenGL.framework/Versions/A/Libraries/libGLProgrammability.dylib
0x0000000110daf000 	/System/Library/Extensions/AppleIntelHD5000GraphicsGLDriver.bundle/Contents/MacOS/AppleIntelHD5000GraphicsGLDriver
0x00000000260b5000 	/System/Library/PrivateFrameworks/GPUSupport.framework/Versions/A/Libraries/libGPUSupportMercury.dylib
0x00000000260b5000 	/System/Library/Frameworks/OpenGL.framework/Versions/A/Resources/GLRendererFloat.bundle/GLRendererFloat
0x00000000260b5000 	/System/Library/Frameworks/OpenCL.framework/Versions/A/Libraries/libcldcpuengine.dylib
0x00000000260b5000 	/usr/lib/libcrypto.0.9.8.dylib
0x00000000260b5000 	/System/Library/PrivateFrameworks/TrustEvaluationAgent.framework/Versions/A/TrustEvaluationAgent
0x0000000111961000 	/Library/Java/JavaVirtualMachines/jdk1.8.0_25.jdk/Contents/Home/jre/lib/libglass.dylib
0x00000000260b5000 	/System/Library/PrivateFrameworks/CoreServicesInternal.framework/Versions/A/CoreServicesInternal
0x00000000260b5000 	/System/Library/CoreServices/RawCamera.bundle/Contents/MacOS/RawCamera
0x00000000260b5000 	/System/Library/Frameworks/Accelerate.framework/Versions/A/Frameworks/vImage.framework/Versions/A/Libraries/libCGInterfaces.dylib
0x00000000260b5000 	/System/Library/PrivateFrameworks/FamilyControls.framework/Versions/A/FamilyControls
0x00000000260b5000 	/System/Library/PrivateFrameworks/CommerceKit.framework/Versions/A/Frameworks/CommerceCore.framework/Versions/A/CommerceCore
0x00000000260b5000 	/System/Library/PrivateFrameworks/SystemAdministration.framework/Versions/A/SystemAdministration
0x00000000260b5000 	/System/Library/PrivateFrameworks/AppContainer.framework/Versions/A/AppContainer
0x00000000260b5000 	/System/Library/PrivateFrameworks/SecCodeWrapper.framework/Versions/A/SecCodeWrapper
0x00000000260b5000 	/System/Library/Frameworks/DirectoryService.framework/Versions/A/DirectoryService
0x00000000260b5000 	/System/Library/PrivateFrameworks/DiskImages.framework/Versions/A/DiskImages
0x00000000260b5000 	/System/Library/PrivateFrameworks/LoginUIKit.framework/Versions/A/Frameworks/LoginUICore.framework/Versions/A/LoginUICore
0x00000000260b5000 	/usr/lib/libCoreStorage.dylib
0x00000000260b5000 	/usr/lib/libcsfde.dylib
0x00000000260b5000 	/usr/lib/libodfde.dylib
0x00000000260b5000 	/System/Library/Frameworks/DiscRecording.framework/Versions/A/DiscRecording
0x00000000260b5000 	/usr/lib/libcurl.4.dylib
0x00000000260b5000 	/System/Library/PrivateFrameworks/MediaKit.framework/Versions/A/MediaKit
0x00000000260b5000 	/System/Library/PrivateFrameworks/ProtectedCloudStorage.framework/Versions/A/ProtectedCloudStorage
0x00000000260b5000 	/System/Library/PrivateFrameworks/EFILogin.framework/Versions/A/EFILogin
0x00000000260b5000 	/usr/lib/libutil.dylib
0x00000000260b5000 	/System/Library/Frameworks/LDAP.framework/Versions/A/LDAP
0x00000000260b5000 	/usr/lib/libsasl2.2.dylib
0x00000000260b5000 	/System/Library/PrivateFrameworks/CoreDaemon.framework/Versions/B/CoreDaemon
0x00000000260b5000 	/System/Library/PrivateFrameworks/AppleSRP.framework/Versions/A/AppleSRP
0x00000000260b5000 	/System/Library/PrivateFrameworks/APFS.framework/Versions/A/APFS
0x000000011453f000 	/System/Library/PrivateFrameworks/AccessibilityBundles.framework/AccessibilityBundles
0x0000000114552000 	/Library/Java/JavaVirtualMachines/jdk1.8.0_25.jdk/Contents/Home/jre/lib/libjavafx_font.dylib
0x00000000260b5000 	/System/Library/Frameworks/ApplicationServices.framework/Versions/A/Frameworks/ATS.framework/Versions/A/Resources/libTrueTypeScaler.dylib
0x0000000127207000 	/Library/Java/JavaVirtualMachines/jdk1.8.0_25.jdk/Contents/Home/jre/lib/libprism_common.dylib
0x0000000127229000 	/System/Library/Extensions/AppleIntelHD5000GraphicsMTLDriver.bundle/Contents/MacOS/AppleIntelHD5000GraphicsMTLDriver
0x00000000260b5000 	/System/Library/PrivateFrameworks/ViewBridge.framework/Versions/A/ViewBridge
0x00000000260b5000 	/System/Library/PrivateFrameworks/XPCService.framework/Versions/A/XPCService
0x00000000260b5000 	/System/Library/PrivateFrameworks/AppSandbox.framework/Versions/A/AppSandbox
0x00000000260b5000 	/usr/lib/libsandbox.1.dylib
0x00000000260b5000 	/usr/lib/libMatch.1.dylib
0x0000000129d9a000 	/Library/Java/JavaVirtualMachines/jdk1.8.0_25.jdk/Contents/Home/jre/lib/libnet.dylib
0x0000000112855000 	/Library/Java/JavaVirtualMachines/jdk1.8.0_25.jdk/Contents/Home/jre/lib/libsunec.dylib

VM Arguments:
jvm_args: -Dfile.encoding=UTF-8 
java_command: /Users/Adrian/NetBeansProjects/DEMO/dist/run1342267079/DEMO.jar
java_class_path (initial): /Users/Adrian/NetBeansProjects/DEMO/dist/run1342267079/DEMO.jar
Launcher Type: SUN_STANDARD

Environment Variables:
PATH=/usr/bin:/bin:/usr/sbin:/sbin
LD_LIBRARY_PATH=/Library/Java/JavaVirtualMachines/jdk1.8.0_25.jdk/Contents/Home/jre/lib/amd64:/Library/Java/JavaVirtualMachines/jdk1.8.0_25.jdk/Contents/Home/jre/lib/i386:
SHELL=/bin/bash
DISPLAY=/private/tmp/com.apple.launchd.KntH9iqgrd/org.macosforge.xquartz:0

Signal Handlers:
SIGSEGV: [libjvm.dylib+0x579dc7], sa_mask[0]=11111111011111110111111111111111, sa_flags=SA_ONSTACK|SA_RESTART|SA_SIGINFO
SIGBUS: [libjvm.dylib+0x579dc7], sa_mask[0]=11111111011111110111111111111111, sa_flags=SA_RESTART|SA_SIGINFO
SIGFPE: [libjvm.dylib+0x45b030], sa_mask[0]=11111111011111110111111111111111, sa_flags=SA_RESTART|SA_SIGINFO
SIGPIPE: [libjvm.dylib+0x45b030], sa_mask[0]=11111111011111110111111111111111, sa_flags=SA_RESTART|SA_SIGINFO
SIGXFSZ: [libjvm.dylib+0x45b030], sa_mask[0]=11111111011111110111111111111111, sa_flags=SA_RESTART|SA_SIGINFO
SIGILL: [libjvm.dylib+0x45b030], sa_mask[0]=11111111011111110111111111111111, sa_flags=SA_RESTART|SA_SIGINFO
SIGUSR1: SIG_DFL, sa_mask[0]=00000000000000000000000000000000, sa_flags=none
SIGUSR2: [libjvm.dylib+0x45ab4e], sa_mask[0]=00100000000000000000000000000000, sa_flags=SA_RESTART|SA_SIGINFO
SIGHUP: [libjvm.dylib+0x459121], sa_mask[0]=11111111011111110111111111111111, sa_flags=SA_RESTART|SA_SIGINFO
SIGINT: SIG_IGN, sa_mask[0]=00000000000000000000000000000000, sa_flags=none
SIGTERM: [libjvm.dylib+0x459121], sa_mask[0]=11111111011111110111111111111111, sa_flags=SA_RESTART|SA_SIGINFO
SIGQUIT: [libjvm.dylib+0x459121], sa_mask[0]=11111111011111110111111111111111, sa_flags=SA_RESTART|SA_SIGINFO


---------------  S Y S T E M  ---------------

OS:Bsduname:Darwin 16.0.0 Darwin Kernel Version 16.0.0: Tue Aug 23 17:02:44 PDT 2016; root:xnu-3789.1.31~2/RELEASE_X86_64 x86_64
rlimit: STACK 8192k, CORE 0k, NPROC 709, NOFILE 10240, AS infinity
load average:3.07 2.68 2.51

CPU:total 4 (2 cores per cpu, 2 threads per core) family 6 model 69 stepping 1, cmov, cx8, fxsr, mmx, sse, sse2, sse3, ssse3, sse4.1, sse4.2, popcnt, avx, avx2, aes, clmul, erms, lzcnt, ht, tsc, tscinvbit, bmi1, bmi2

Memory: 4k page, physical 8388608k(132992k free)

/proc/meminfo:


vm_info: Java HotSpot(TM) 64-Bit Server VM (25.25-b02) for bsd-amd64 JRE (1.8.0_25-b17), built on Sep 17 2014 16:56:50 by "java_re" with gcc 4.2.1 (Based on Apple Inc. build 5658) (LLVM build 2336.11.00)

time: Tue Nov  8 11:36:10 2016
elapsed time: 310 seconds (0d 0h 5m 10s)

